<?xml version="1.0" encoding="UTF-8"?>
<!-- Generated by org.testng.reporters.JUnitReportReporter -->
<testsuite hostname="DESKTOP-576QOPH" failures="0" tests="1" name="script.ValidLoginPage" time="13.072" errors="0" timestamp="2023-02-26T13:28:45 IST" skipped="0">
  <testcase classname="script.ValidLoginPage" name="testValidLogin" time="13.072"/>
  <system-out>
    <![CDATA[Logout link is visible]]>
  </system-out>
</testsuite> <!-- script.ValidLoginPage -->
